mammagan@MAMMAGAN-M-TC73 MLOPs-Final % source /Users/mammagan/M-Tech/MLOPs-Final/
.venv/bin/activate
(.venv) mammagan@MAMMAGAN-M-TC73 MLOPs-Final % docker build -t heart-disease-api .
[+] Building 64.4s (12/12) FINISHED                         docker:desktop-linux
 => [internal] load build definition from Dockerfile                        0.0s
 => => transferring dockerfile: 496B                                        0.0s
 => [internal] load metadata for docker.io/library/python:3.11-slim         2.0s
 => [auth] library/python:pull token for registry-1.docker.io               0.0s
 => [internal] load .dockerignore                                           0.0s
 => => transferring context: 2B                                             0.0s
 => [1/6] FROM docker.io/library/python:3.11-slim@sha256:6d85378d88a19cd4d  0.0s
 => => resolve docker.io/library/python:3.11-slim@sha256:6d85378d88a19cd4d  0.0s
 => [internal] load build context                                           0.0s
 => => transferring context: 60.73kB                                        0.0s
 => CACHED [2/6] WORKDIR /app                                               0.0s
 => [3/6] COPY requirements.txt .                                           0.1s
 => [4/6] RUN pip install --no-cache-dir --upgrade pip &&     pip install  41.2s
 => [5/6] COPY src/ src/                                                    0.1s 
 => [6/6] COPY data/ data/                                                  0.0s 
 => exporting to image                                                     21.0s 
 => => exporting layers                                                    17.4s 
 => => exporting manifest sha256:3562bb67cb7ed8675b3d8d6d9f6a032f6fe942dbc  0.0s 
 => => exporting config sha256:2bf752734e1c3c6a5c57657dad45d77a9e9c6a39752  0.0s 
 => => exporting attestation manifest sha256:f58298366ad87436bbb6e454aafa6  0.0s
 => => exporting manifest list sha256:29f99dd073f5177c56c897a301b572b8e842  0.0s
 => => naming to docker.io/library/heart-disease-api:latest                 0.0s
 => => unpacking to docker.io/library/heart-disease-api:latest              3.6s

View build details: docker-desktop://dashboard/build/desktop-linux/desktop-linux/ul8sq7voiolcwy6zyow6bzjtg
(.venv) mammagan@MAMMAGAN-M-TC73 MLOPs-Final % docker run -p 8000:8000 heart-disease-api
/usr/local/lib/python3.11/site-packages/sklearn/base.py:463: InconsistentVersionWarning: Trying to unpickle estimator StandardScaler from version 1.6.1 when using version 1.8.0. This might lead to breaking code or invalid results. Use at your own risk. For more info please refer to:
https://scikit-learn.org/stable/model_persistence.html#security-maintainability-limitations
  warnings.warn(
/usr/local/lib/python3.11/site-packages/sklearn/base.py:463: InconsistentVersionWarning: Trying to unpickle estimator LogisticRegression from version 1.6.1 when using version 1.8.0. This might lead to breaking code or invalid results. Use at your own risk. For more info please refer to:
https://scikit-learn.org/stable/model_persistence.html#security-maintainability-limitations
  warnings.warn(
/usr/local/lib/python3.11/site-packages/sklearn/base.py:463: InconsistentVersionWarning: Trying to unpickle estimator Pipeline from version 1.6.1 when using version 1.8.0. This might lead to breaking code or invalid results. Use at your own risk. For more info please refer to:
https://scikit-learn.org/stable/model_persistence.html#security-maintainability-limitations
  warnings.warn(
2026-05-06 17:41:57,066 - src.api.model_app - INFO - Pipeline loaded successfully.
INFO:     Started server process [1]
INFO:     Waiting for application startup.
INFO:     Application startup complete.
INFO:     Uvicorn running on http://0.0.0.0:8000 (Press CTRL+C to quit)
INFO:     192.168.65.1:45194 - "GET /health HTTP/1.1" 200 OK
2026-05-06 17:43:36,519 - src.api.model_app - INFO - Prediction: No Heart Disease | Confidence: 0.1651 | Risk: Low Risk | Latency: 0.0103s | Input: {'age': 55.0, 'sex': 1, 'cp': 2, 'trestbps': 130.0, 'chol': 250.0, 'fbs': 0, 'restecg': 1, 'thalach': 150.0, 'exang': 0, 'oldpeak': 1.5, 'slope': 1, 'ca': 0, 'thal': 3}
INFO:     192.168.65.1:42893 - "POST /predict HTTP/1.1" 200 OK
