(.venv) mammagan@MAMMAGAN-M-TC73 MLOPs-Final % echo 'export PATH="$HOME/bin:$PATH"' >> ~/.zshrc && source ~/.zshrc
(.venv) mammagan@MAMMAGAN-M-TC73 MLOPs-Final % 
(.venv) mammagan@MAMMAGAN-M-TC73 MLOPs-Final % minikube version
minikube version: v1.38.1
commit: c93a4cb9311efc66b90d33ea03f75f2c4120e9b0
(.venv) mammagan@MAMMAGAN-M-TC73 MLOPs-Final % minikube start --driver=docker
😄  minikube v1.38.1 on Darwin 26.3 (arm64)
✨  Using the docker driver based on user configuration
❗  Starting v1.39.0, minikube will default to "containerd" container runtime. See #21973 for more info.
📌  Using Docker Desktop driver with root privileges
👍  Starting "minikube" primary control-plane node in "minikube" cluster
🚜  Pulling base image v0.0.50 ...
💾  Downloading Kubernetes v1.35.1 preload ...
    > preloaded-images-k8s-v18-v1...:  243.95 MiB / 243.95 MiB  100.00% 16.15 M
    > gcr.io/k8s-minikube/kicbase...:  483.40 MiB / 483.40 MiB  100.00% 16.78 M
🔥  Creating docker container (CPUs=2, Memory=6100MB) ...
🐳  Preparing Kubernetes v1.35.1 on Docker 29.2.1 ...
🔗  Configuring bridge CNI (Container Networking Interface) ...
🔎  Verifying Kubernetes components...
    ▪ Using image gcr.io/k8s-minikube/storage-provisioner:v5
🌟  Enabled addons: storage-provisioner, default-storageclass
🏄  Done! kubectl is now configured to use "minikube" cluster and "default" namespace by default
(.venv) mammagan@MAMMAGAN-M-TC73 MLOPs-Final % minikube image load heart-disease-api:latest
(.venv) mammagan@MAMMAGAN-M-TC73 MLOPs-Final % kubectl apply -f k8s/deployment.yaml
deployment.apps/heart-disease-api created
(.venv) mammagan@MAMMAGAN-M-TC73 MLOPs-Final % kubectl apply -f k8s/service.yaml
service/heart-disease-api-service created
(.venv) mammagan@MAMMAGAN-M-TC73 MLOPs-Final % kubectl rollout status deployment/heart-disease-api --timeout=90s
deployment "heart-disease-api" successfully rolled out
(.venv) mammagan@MAMMAGAN-M-TC73 MLOPs-Final % kubectl get pods,svc,deployment
NAME                                     READY   STATUS    RESTARTS   AGE
pod/heart-disease-api-7b5bc5b856-rrsf8   1/1     Running   0          32s
pod/heart-disease-api-7b5bc5b856-tzhgz   1/1     Running   0          32s

NAME                                TYPE           CLUSTER-IP     EXTERNAL-IP   PORT(S)        AGE
service/heart-disease-api-service   LoadBalancer   10.99.80.113   <pending>     80:30578/TCP   18s
service/kubernetes                  ClusterIP      10.96.0.1      <none>        443/TCP        92s

NAME                                READY   UP-TO-DATE   AVAILABLE   AGE
deployment.apps/heart-disease-api   2/2     2            2           32s
(.venv) mammagan@MAMMAGAN-M-TC73 MLOPs-Final % minikube service heart-disease-api-service --url
http://127.0.0.1:62541
❗  Because you are using a Docker driver on darwin, the terminal needs to be open to run it.





---------------------------------------------------------------------------------------------------------------
source /Users/mammagan/M-Tech/MLOPs-Final/.venv/bin/activate                     
mammagan@MAMMAGAN-M-TC73 MLOPs-Final % source /Users/mammagan/M-Tech/MLOPs-Final/
.venv/bin/activate
(.venv) mammagan@MAMMAGAN-M-TC73 MLOPs-Final % curl http://127.0.0.1:62541/health

{"status":"healthy","pipeline_loaded":true,"timestamp":"2026-05-06T18:03:29.385534"}%                                                                             
(.venv) mammagan@MAMMAGAN-M-TC73 MLOPs-Final % curl -X POST http://127.0.0.1:62541/predict \
  -H "Content-Type: application/json" \
  -d '{"age":55,"sex":1,"cp":2,"trestbps":130,"chol":250,"fbs":0,"restecg":1,"thalach":150,"exang":0,"oldpeak":1.5,"slope":1,"ca":0,"thal":3}'
{"prediction":0,"prediction_label":"No Heart Disease","confidence":0.1651,"risk_level":"Low Risk","timestamp":"2026-05-06T18:04:11.280176"}%                      
(.venv) mammagan@MAMMAGAN-M-TC73 MLOPs-Final % curl http://127.0.0.1:62541/metric
s
# HELP python_gc_objects_collected_total Objects collected during gc
# TYPE python_gc_objects_collected_total counter
python_gc_objects_collected_total{generation="0"} 818.0
python_gc_objects_collected_total{generation="1"} 737.0
python_gc_objects_collected_total{generation="2"} 20.0
# HELP python_gc_objects_uncollectable_total Uncollectable objects found during GC
# TYPE python_gc_objects_uncollectable_total counter
python_gc_objects_uncollectable_total{generation="0"} 0.0
python_gc_objects_uncollectable_total{generation="1"} 0.0
python_gc_objects_uncollectable_total{generation="2"} 0.0
# HELP python_gc_collections_total Number of times this generation was collected
# TYPE python_gc_collections_total counter
python_gc_collections_total{generation="0"} 385.0
python_gc_collections_total{generation="1"} 35.0
python_gc_collections_total{generation="2"} 3.0
# HELP python_info Python platform information
# TYPE python_info gauge
python_info{implementation="CPython",major="3",minor="11",patchlevel="15",version="3.11.15"} 1.0
# HELP process_virtual_memory_bytes Virtual memory size in bytes.
# TYPE process_virtual_memory_bytes gauge
process_virtual_memory_bytes 1.483096064e+09
# HELP process_resident_memory_bytes Resident memory size in bytes.
# TYPE process_resident_memory_bytes gauge
process_resident_memory_bytes 2.11349504e+08
# HELP process_start_time_seconds Start time of the process since unix epoch in seconds.
# TYPE process_start_time_seconds gauge
process_start_time_seconds 1.77809023031e+09
# HELP process_cpu_seconds_total Total user and system CPU time spent in seconds.
# TYPE process_cpu_seconds_total counter
process_cpu_seconds_total 2.11
# HELP process_open_fds Number of open file descriptors.
# TYPE process_open_fds gauge
process_open_fds 10.0
# HELP process_max_fds Maximum number of open file descriptors.
# TYPE process_max_fds gauge
process_max_fds 1.048576e+06
# HELP predictions_total Total number of predictions
# TYPE predictions_total counter
# HELP prediction_latency_seconds Time spent processing prediction
# TYPE prediction_latency_seconds histogram
prediction_latency_seconds_bucket{le="0.005"} 0.0
prediction_latency_seconds_bucket{le="0.01"} 0.0
prediction_latency_seconds_bucket{le="0.025"} 0.0
prediction_latency_seconds_bucket{le="0.05"} 0.0
prediction_latency_seconds_bucket{le="0.075"} 0.0
prediction_latency_seconds_bucket{le="0.1"} 0.0
prediction_latency_seconds_bucket{le="0.25"} 0.0
prediction_latency_seconds_bucket{le="0.5"} 0.0
prediction_latency_seconds_bucket{le="0.75"} 0.0
prediction_latency_seconds_bucket{le="1.0"} 0.0
prediction_latency_seconds_bucket{le="2.5"} 0.0
prediction_latency_seconds_bucket{le="5.0"} 0.0
prediction_latency_seconds_bucket{le="7.5"} 0.0
prediction_latency_seconds_bucket{le="10.0"} 0.0
prediction_latency_seconds_bucket{le="+Inf"} 0.0
prediction_latency_seconds_count 0.0
prediction_latency_seconds_sum 0.0
# HELP prediction_latency_seconds_created Time spent processing prediction
# TYPE prediction_latency_seconds_created gauge
prediction_latency_seconds_created 1.7780902314500728e+09
# HELP http_requests_total Total HTTP requests
# TYPE http_requests_total counter
http_requests_total{endpoint="/health",method="GET",status="200"} 59.0
# HELP http_requests_created Total HTTP requests
# TYPE http_requests_created gauge
http_requests_created{endpoint="/health",method="GET",status="200"} 1.7780902418589559e+09
(.venv) mammagan@MAMMAGAN-M-TC73 MLOPs-Final % 
(.venv) mammagan@MAMMAGAN-M-TC73 MLOPs-Final % curl http://127.0.0.1:62541/docs 

    <!DOCTYPE html>
    <html>
    <head>
    <meta name="viewport" content="width=device-width, initial-scale=1.0">
    <link type="text/css" rel="stylesheet" href="https://cdn.jsdelivr.net/npm/swagger-ui-dist@5/swagger-ui.css">
    <link rel="shortcut icon" href="https://fastapi.tiangolo.com/img/favicon.png">
    <title>Heart Disease Prediction API - Swagger UI</title>
    </head>
    <body>
    <div id="swagger-ui">
    </div>
    <script src="https://cdn.jsdelivr.net/npm/swagger-ui-dist@5/swagger-ui-bundle.js"></script>
    <!-- `SwaggerUIBundle` is now available on the page -->
    <script>
    const ui = SwaggerUIBundle({
        url: '/openapi.json',
    "dom_id": "#swagger-ui",
"layout": "BaseLayout",
"deepLinking": true,
"showExtensions": true,
"showCommonExtensions": true,
oauth2RedirectUrl: window.location.origin + '/docs/oauth2-redirect',
    presets: [
        SwaggerUIBundle.presets.apis,
        SwaggerUIBundle.SwaggerUIStandalonePreset
        ],
    })
    </script>
    </body>
    </html>
    %                                                                            
(.venv) mammagan@MAMMAGAN-M-TC73 MLOPs-Final % 