(.venv) mammagan@MAMMAGAN-M-TC73 MLOPs-Final % python src/models/train.py
============================================================
  MODEL SELECTION & TUNING
============================================================

[Logistic Regression]
  Tuning hyperparameters via GridSearchCV (5-fold CV) ...
  Best params : {'C': 0.1, 'solver': 'liblinear'}
  Best CV AUC : 0.9004
  Training time: 1.54s
  
  Cross-Validation Results (Logistic Regression)
  Metric           Mean       Std
  --------------------------------
  accuracy       0.8264    0.0282
  precision      0.8439    0.0329
  recall         0.7648    0.0797
  f1             0.7993    0.0431
  roc_auc        0.9004    0.0157

[Random Forest]
  Tuning hyperparameters via GridSearchCV (5-fold CV) ...
  Best params : {'max_depth': None, 'min_samples_split': 2, 'n_estimators': 200}
  Best CV AUC : 0.8837
  Training time: 0.84s

  Cross-Validation Results (Random Forest)
  Metric           Mean       Std
  --------------------------------
  accuracy       0.8139    0.0143
  precision      0.8295    0.0436
  recall         0.7557    0.0756
  f1             0.7867    0.0267
  roc_auc        0.8837    0.0312

============================================================
  FINAL TEST-SET EVALUATION
============================================================

  Hold-out Test Metrics (Logistic Regression)
  ROC-AUC : 0.9578
  F1-Score: 0.8667
              precision    recall  f1-score   support

  No Disease       0.93      0.82      0.87        33
     Disease       0.81      0.93      0.87        28

    accuracy                           0.87        61
   macro avg       0.87      0.87      0.87        61
weighted avg       0.88      0.87      0.87        61


  Hold-out Test Metrics (Random Forest)
  ROC-AUC : 0.9551
  F1-Score: 0.9000
              precision    recall  f1-score   support

  No Disease       0.97      0.85      0.90        33
     Disease       0.84      0.96      0.90        28

    accuracy                           0.90        61
   macro avg       0.90      0.91      0.90        61
weighted avg       0.91      0.90      0.90        61


  Model comparison chart saved → /Users/mammagan/M-Tech/MLOPs-Final/screenshots/model_comparison.png

============================================================
  MODEL SELECTION DECISION
============================================================
  Logistic Regression     CV ROC-AUC = 0.9004 +/- 0.0157  (trained in 1.54s)  <-- SELECTED
  Random Forest           CV ROC-AUC = 0.8837 +/- 0.0312  (trained in 0.84s)

  Winner : Logistic Regression  (highest mean CV ROC-AUC = 0.9004)
  Rationale: model chosen purely on generalisation performance measured by stratified 5-fold cross-validation ROC-AUC.

  Model saved → /Users/mammagan/M-Tech/MLOPs-Final/src/models/heart_model.pkl

  MLflow tracking URI → /Users/mammagan/M-Tech/MLOPs-Final/mlruns
============================================================
(.venv) mammagan@MAMMAGAN-M-TC73 MLOPs-Final % 